D:\DEPOT\PROJECTS\SAMPLES\PERCAWARENESS2\DIRECTXTEX\DIRECTXTEX\DEBUG\DIRECTXTEX.PCH
D:\DEPOT\PROJECTS\SAMPLES\PERCAWARENESS2\DIRECTXTEX\DIRECTXTEX\DEBUG\DIRECTXTEXUTIL.OBJ
D:\DEPOT\PROJECTS\SAMPLES\PERCAWARENESS2\DIRECTXTEX\DIRECTXTEX\DEBUG\VC110.PDB
D:\DEPOT\PROJECTS\SAMPLES\PERCAWARENESS2\DIRECTXTEX\DIRECTXTEX\DEBUG\DIRECTXTEXWIC.OBJ
D:\DEPOT\PROJECTS\SAMPLES\PERCAWARENESS2\DIRECTXTEX\DIRECTXTEX\DEBUG\DIRECTXTEXTGA.OBJ
D:\DEPOT\PROJECTS\SAMPLES\PERCAWARENESS2\DIRECTXTEX\DIRECTXTEX\DEBUG\DIRECTXTEXRESIZE.OBJ
D:\DEPOT\PROJECTS\SAMPLES\PERCAWARENESS2\DIRECTXTEX\DIRECTXTEX\DEBUG\DIRECTXTEXPMALPHA.OBJ
D:\DEPOT\PROJECTS\SAMPLES\PERCAWARENESS2\DIRECTXTEX\DIRECTXTEX\DEBUG\DIRECTXTEXNORMALMAPS.OBJ
D:\DEPOT\PROJECTS\SAMPLES\PERCAWARENESS2\DIRECTXTEX\DIRECTXTEX\DEBUG\DIRECTXTEXMISC.OBJ
D:\DEPOT\PROJECTS\SAMPLES\PERCAWARENESS2\DIRECTXTEX\DIRECTXTEX\DEBUG\DIRECTXTEXMIPMAPS.OBJ
D:\DEPOT\PROJECTS\SAMPLES\PERCAWARENESS2\DIRECTXTEX\DIRECTXTEX\DEBUG\DIRECTXTEXIMAGE.OBJ
D:\DEPOT\PROJECTS\SAMPLES\PERCAWARENESS2\DIRECTXTEX\DIRECTXTEX\DEBUG\DIRECTXTEXFLIPROTATE.OBJ
D:\DEPOT\PROJECTS\SAMPLES\PERCAWARENESS2\DIRECTXTEX\DIRECTXTEX\DEBUG\DIRECTXTEXDDS.OBJ
D:\DEPOT\PROJECTS\SAMPLES\PERCAWARENESS2\DIRECTXTEX\DIRECTXTEX\DEBUG\DIRECTXTEXD3D11.OBJ
D:\DEPOT\PROJECTS\SAMPLES\PERCAWARENESS2\DIRECTXTEX\DIRECTXTEX\DEBUG\DIRECTXTEXCONVERT.OBJ
D:\DEPOT\PROJECTS\SAMPLES\PERCAWARENESS2\DIRECTXTEX\DIRECTXTEX\DEBUG\DIRECTXTEXCOMPRESS.OBJ
D:\DEPOT\PROJECTS\SAMPLES\PERCAWARENESS2\DIRECTXTEX\DIRECTXTEX\DEBUG\BC6HBC7.OBJ
D:\DEPOT\PROJECTS\SAMPLES\PERCAWARENESS2\DIRECTXTEX\DIRECTXTEX\DEBUG\BC4BC5.OBJ
D:\DEPOT\PROJECTS\SAMPLES\PERCAWARENESS2\DIRECTXTEX\DIRECTXTEX\DEBUG\BC.OBJ
D:\DEPOT\PROJECTS\SAMPLES\PERCAWARENESS2\DIRECTXTEX\DIRECTXTEX\DEBUG\DIRECTXTEX.LIB
D:\depot\projects\samples\PercAwareness2\DirectXTex\DirectXTex\Debug\BC.obj
D:\depot\projects\samples\PercAwareness2\DirectXTex\DirectXTex\Debug\BC4BC5.obj
D:\depot\projects\samples\PercAwareness2\DirectXTex\DirectXTex\Debug\BC6HBC7.obj
D:\depot\projects\samples\PercAwareness2\DirectXTex\DirectXTex\Debug\DirectXTexCompress.obj
D:\depot\projects\samples\PercAwareness2\DirectXTex\DirectXTex\Debug\DirectXTexConvert.obj
D:\depot\projects\samples\PercAwareness2\DirectXTex\DirectXTex\Debug\DirectXTexD3D11.obj
D:\depot\projects\samples\PercAwareness2\DirectXTex\DirectXTex\Debug\DirectXTexDDS.obj
D:\depot\projects\samples\PercAwareness2\DirectXTex\DirectXTex\Debug\DirectXTexFlipRotate.obj
D:\depot\projects\samples\PercAwareness2\DirectXTex\DirectXTex\Debug\DirectXTexImage.obj
D:\depot\projects\samples\PercAwareness2\DirectXTex\DirectXTex\Debug\DirectXTexMipMaps.obj
D:\depot\projects\samples\PercAwareness2\DirectXTex\DirectXTex\Debug\DirectXTexMisc.obj
D:\depot\projects\samples\PercAwareness2\DirectXTex\DirectXTex\Debug\DirectXTexNormalMaps.obj
D:\depot\projects\samples\PercAwareness2\DirectXTex\DirectXTex\Debug\DirectXTexPMAlpha.obj
D:\depot\projects\samples\PercAwareness2\DirectXTex\DirectXTex\Debug\DirectXTexResize.obj
D:\depot\projects\samples\PercAwareness2\DirectXTex\DirectXTex\Debug\DirectXTexTGA.obj
D:\depot\projects\samples\PercAwareness2\DirectXTex\DirectXTex\Debug\DirectXTexUtil.obj
D:\depot\projects\samples\PercAwareness2\DirectXTex\DirectXTex\Debug\DirectXTexWIC.obj
D:\depot\projects\samples\PercAwareness2\DirectXTex\DirectXTex\Debug\cl.command.1.tlog
D:\depot\projects\samples\PercAwareness2\DirectXTex\DirectXTex\Debug\CL.read.1.tlog
D:\depot\projects\samples\PercAwareness2\DirectXTex\DirectXTex\Debug\CL.write.1.tlog
D:\depot\projects\samples\PercAwareness2\DirectXTex\DirectXTex\Debug\Lib-link.read.1.tlog
D:\depot\projects\samples\PercAwareness2\DirectXTex\DirectXTex\Debug\Lib-link.write.1.tlog
D:\depot\projects\samples\PercAwareness2\DirectXTex\DirectXTex\Debug\lib.command.1.tlog
D:\depot\projects\samples\PercAwareness2\DirectXTex\DirectXTex\Debug\DirectXTex.pch
D:\depot\projects\samples\PercAwareness2\DirectXTex\DirectXTex\Debug\vc110.idb
D:\depot\projects\samples\PercAwareness2\DirectXTex\DirectXTex\Debug\vc110.pdb
D:\depot\projects\samples\PercAwareness2\DirectXTex\DirectXTex\Debug\DirectXTex.lib
