D:\DEPOT\PROJECTS\SAMPLES\PERCAWARENESS2\SAMPLESTARTCPUT\TEMP\WIN32\V110\DEBUG\FACE_RENDER.OBJ
D:\DEPOT\PROJECTS\SAMPLES\PERCAWARENESS2\SAMPLESTARTCPUT\TEMP\WIN32\V110\DEBUG\MONITORUTILS.OBJ
D:\DEPOT\PROJECTS\SAMPLES\PERCAWARENESS2\SAMPLESTARTCPUT\TEMP\WIN32\V110\DEBUG\VC110.PDB
D:\DEPOT\PROJECTS\SAMPLES\PERCAWARENESS2\SAMPLESTARTCPUT\TEMP\WIN32\V110\DEBUG\SAMPLESTARTDX11.OBJ
D:\DEPOT\PROJECTS\SAMPLES\PERCAWARENESS2\SAMPLESTARTCPUT\TEMP\WIN32\V110\DEBUG\PERCEPTUALASSISTANT.OBJ
D:\DEPOT\PROJECTS\SAMPLES\PERCAWARENESS2\SAMPLESTARTCPUT\BIN\WIN32\V110\PERCAWARENESS_D32.ILK
D:\DEPOT\PROJECTS\SAMPLES\PERCAWARENESS2\SAMPLESTARTCPUT\BIN\WIN32\V110\PERCAWARENESS_D32.EXE
D:\DEPOT\PROJECTS\SAMPLES\PERCAWARENESS2\SAMPLESTARTCPUT\BIN\WIN32\V110\PERCAWARENESS_D32.PDB
D:\DEPOT\PROJECTS\SAMPLES\PERCAWARENESS2\SAMPLESTARTCPUT\TEMP\WIN32\V110\DEBUG\SAMPLESTARTDX.RES
D:\depot\projects\samples\PercAwareness2\SampleStartCPUT\temp\Win32\v110\Debug\SampleStartDX_2012.vcxprojResolveAssemblyReference.cache
D:\depot\projects\samples\PercAwareness2\SampleStartCPUT\temp\Win32\v110\Debug\face_render.obj
D:\depot\projects\samples\PercAwareness2\SampleStartCPUT\temp\Win32\v110\Debug\MonitorUtils.obj
D:\depot\projects\samples\PercAwareness2\SampleStartCPUT\temp\Win32\v110\Debug\PerceptualAssistant.obj
D:\depot\projects\samples\PercAwareness2\SampleStartCPUT\temp\Win32\v110\Debug\SampleStartDX11.obj
D:\depot\projects\samples\PercAwareness2\SampleStartCPUT\temp\Win32\v110\Debug\cl.command.1.tlog
D:\depot\projects\samples\PercAwareness2\SampleStartCPUT\temp\Win32\v110\Debug\CL.read.1.tlog
D:\depot\projects\samples\PercAwareness2\SampleStartCPUT\temp\Win32\v110\Debug\CL.write.1.tlog
D:\depot\projects\samples\PercAwareness2\SampleStartCPUT\temp\Win32\v110\Debug\link-cvtres.read.1.tlog
D:\depot\projects\samples\PercAwareness2\SampleStartCPUT\temp\Win32\v110\Debug\link-cvtres.write.1.tlog
D:\depot\projects\samples\PercAwareness2\SampleStartCPUT\temp\Win32\v110\Debug\link-rc.read.1.tlog
D:\depot\projects\samples\PercAwareness2\SampleStartCPUT\temp\Win32\v110\Debug\link-rc.write.1.tlog
D:\depot\projects\samples\PercAwareness2\SampleStartCPUT\temp\Win32\v110\Debug\link.10024-cvtres.read.1.tlog
D:\depot\projects\samples\PercAwareness2\SampleStartCPUT\temp\Win32\v110\Debug\link.10024-cvtres.write.1.tlog
D:\depot\projects\samples\PercAwareness2\SampleStartCPUT\temp\Win32\v110\Debug\link.10024-rc.read.1.tlog
D:\depot\projects\samples\PercAwareness2\SampleStartCPUT\temp\Win32\v110\Debug\link.10024-rc.write.1.tlog
D:\depot\projects\samples\PercAwareness2\SampleStartCPUT\temp\Win32\v110\Debug\link.10024.read.1.tlog
D:\depot\projects\samples\PercAwareness2\SampleStartCPUT\temp\Win32\v110\Debug\link.10024.write.1.tlog
D:\depot\projects\samples\PercAwareness2\SampleStartCPUT\temp\Win32\v110\Debug\link.10304-cvtres.read.1.tlog
D:\depot\projects\samples\PercAwareness2\SampleStartCPUT\temp\Win32\v110\Debug\link.10304-cvtres.write.1.tlog
D:\depot\projects\samples\PercAwareness2\SampleStartCPUT\temp\Win32\v110\Debug\link.10304-rc.read.1.tlog
D:\depot\projects\samples\PercAwareness2\SampleStartCPUT\temp\Win32\v110\Debug\link.10304-rc.write.1.tlog
D:\depot\projects\samples\PercAwareness2\SampleStartCPUT\temp\Win32\v110\Debug\link.10304.read.1.tlog
D:\depot\projects\samples\PercAwareness2\SampleStartCPUT\temp\Win32\v110\Debug\link.10304.write.1.tlog
D:\depot\projects\samples\PercAwareness2\SampleStartCPUT\temp\Win32\v110\Debug\link.11232-cvtres.read.1.tlog
D:\depot\projects\samples\PercAwareness2\SampleStartCPUT\temp\Win32\v110\Debug\link.11232-cvtres.write.1.tlog
D:\depot\projects\samples\PercAwareness2\SampleStartCPUT\temp\Win32\v110\Debug\link.11232-rc.read.1.tlog
D:\depot\projects\samples\PercAwareness2\SampleStartCPUT\temp\Win32\v110\Debug\link.11232-rc.write.1.tlog
D:\depot\projects\samples\PercAwareness2\SampleStartCPUT\temp\Win32\v110\Debug\link.11232.read.1.tlog
D:\depot\projects\samples\PercAwareness2\SampleStartCPUT\temp\Win32\v110\Debug\link.11232.write.1.tlog
D:\depot\projects\samples\PercAwareness2\SampleStartCPUT\temp\Win32\v110\Debug\link.14760-cvtres.read.1.tlog
D:\depot\projects\samples\PercAwareness2\SampleStartCPUT\temp\Win32\v110\Debug\link.14760-cvtres.write.1.tlog
D:\depot\projects\samples\PercAwareness2\SampleStartCPUT\temp\Win32\v110\Debug\link.14760-rc.read.1.tlog
D:\depot\projects\samples\PercAwareness2\SampleStartCPUT\temp\Win32\v110\Debug\link.14760-rc.write.1.tlog
D:\depot\projects\samples\PercAwareness2\SampleStartCPUT\temp\Win32\v110\Debug\link.14760.read.1.tlog
D:\depot\projects\samples\PercAwareness2\SampleStartCPUT\temp\Win32\v110\Debug\link.14760.write.1.tlog
D:\depot\projects\samples\PercAwareness2\SampleStartCPUT\temp\Win32\v110\Debug\link.15428-cvtres.read.1.tlog
D:\depot\projects\samples\PercAwareness2\SampleStartCPUT\temp\Win32\v110\Debug\link.15428-cvtres.write.1.tlog
D:\depot\projects\samples\PercAwareness2\SampleStartCPUT\temp\Win32\v110\Debug\link.15428-rc.read.1.tlog
D:\depot\projects\samples\PercAwareness2\SampleStartCPUT\temp\Win32\v110\Debug\link.15428-rc.write.1.tlog
D:\depot\projects\samples\PercAwareness2\SampleStartCPUT\temp\Win32\v110\Debug\link.15428.read.1.tlog
D:\depot\projects\samples\PercAwareness2\SampleStartCPUT\temp\Win32\v110\Debug\link.15428.write.1.tlog
D:\depot\projects\samples\PercAwareness2\SampleStartCPUT\temp\Win32\v110\Debug\link.15484-cvtres.read.1.tlog
D:\depot\projects\samples\PercAwareness2\SampleStartCPUT\temp\Win32\v110\Debug\link.15484-cvtres.write.1.tlog
D:\depot\projects\samples\PercAwareness2\SampleStartCPUT\temp\Win32\v110\Debug\link.15484-rc.read.1.tlog
D:\depot\projects\samples\PercAwareness2\SampleStartCPUT\temp\Win32\v110\Debug\link.15484-rc.write.1.tlog
D:\depot\projects\samples\PercAwareness2\SampleStartCPUT\temp\Win32\v110\Debug\link.15484.read.1.tlog
D:\depot\projects\samples\PercAwareness2\SampleStartCPUT\temp\Win32\v110\Debug\link.15484.write.1.tlog
D:\depot\projects\samples\PercAwareness2\SampleStartCPUT\temp\Win32\v110\Debug\link.16056-cvtres.read.1.tlog
D:\depot\projects\samples\PercAwareness2\SampleStartCPUT\temp\Win32\v110\Debug\link.16056-cvtres.write.1.tlog
D:\depot\projects\samples\PercAwareness2\SampleStartCPUT\temp\Win32\v110\Debug\link.16056-rc.read.1.tlog
D:\depot\projects\samples\PercAwareness2\SampleStartCPUT\temp\Win32\v110\Debug\link.16056-rc.write.1.tlog
D:\depot\projects\samples\PercAwareness2\SampleStartCPUT\temp\Win32\v110\Debug\link.16056.read.1.tlog
D:\depot\projects\samples\PercAwareness2\SampleStartCPUT\temp\Win32\v110\Debug\link.16056.write.1.tlog
D:\depot\projects\samples\PercAwareness2\SampleStartCPUT\temp\Win32\v110\Debug\link.16824-cvtres.read.1.tlog
D:\depot\projects\samples\PercAwareness2\SampleStartCPUT\temp\Win32\v110\Debug\link.16824-cvtres.write.1.tlog
D:\depot\projects\samples\PercAwareness2\SampleStartCPUT\temp\Win32\v110\Debug\link.16824-rc.read.1.tlog
D:\depot\projects\samples\PercAwareness2\SampleStartCPUT\temp\Win32\v110\Debug\link.16824-rc.write.1.tlog
D:\depot\projects\samples\PercAwareness2\SampleStartCPUT\temp\Win32\v110\Debug\link.16824.read.1.tlog
D:\depot\projects\samples\PercAwareness2\SampleStartCPUT\temp\Win32\v110\Debug\link.16824.write.1.tlog
D:\depot\projects\samples\PercAwareness2\SampleStartCPUT\temp\Win32\v110\Debug\link.17020-cvtres.read.1.tlog
D:\depot\projects\samples\PercAwareness2\SampleStartCPUT\temp\Win32\v110\Debug\link.17020-cvtres.write.1.tlog
D:\depot\projects\samples\PercAwareness2\SampleStartCPUT\temp\Win32\v110\Debug\link.17020-rc.read.1.tlog
D:\depot\projects\samples\PercAwareness2\SampleStartCPUT\temp\Win32\v110\Debug\link.17020-rc.write.1.tlog
D:\depot\projects\samples\PercAwareness2\SampleStartCPUT\temp\Win32\v110\Debug\link.17020.read.1.tlog
D:\depot\projects\samples\PercAwareness2\SampleStartCPUT\temp\Win32\v110\Debug\link.17020.write.1.tlog
D:\depot\projects\samples\PercAwareness2\SampleStartCPUT\temp\Win32\v110\Debug\link.17248-cvtres.read.1.tlog
D:\depot\projects\samples\PercAwareness2\SampleStartCPUT\temp\Win32\v110\Debug\link.17248-cvtres.write.1.tlog
D:\depot\projects\samples\PercAwareness2\SampleStartCPUT\temp\Win32\v110\Debug\link.17248-rc.read.1.tlog
D:\depot\projects\samples\PercAwareness2\SampleStartCPUT\temp\Win32\v110\Debug\link.17248-rc.write.1.tlog
D:\depot\projects\samples\PercAwareness2\SampleStartCPUT\temp\Win32\v110\Debug\link.17248.read.1.tlog
D:\depot\projects\samples\PercAwareness2\SampleStartCPUT\temp\Win32\v110\Debug\link.17248.write.1.tlog
D:\depot\projects\samples\PercAwareness2\SampleStartCPUT\temp\Win32\v110\Debug\link.17252-cvtres.read.1.tlog
D:\depot\projects\samples\PercAwareness2\SampleStartCPUT\temp\Win32\v110\Debug\link.17252-cvtres.write.1.tlog
D:\depot\projects\samples\PercAwareness2\SampleStartCPUT\temp\Win32\v110\Debug\link.17252-rc.read.1.tlog
D:\depot\projects\samples\PercAwareness2\SampleStartCPUT\temp\Win32\v110\Debug\link.17252-rc.write.1.tlog
D:\depot\projects\samples\PercAwareness2\SampleStartCPUT\temp\Win32\v110\Debug\link.17252.read.1.tlog
D:\depot\projects\samples\PercAwareness2\SampleStartCPUT\temp\Win32\v110\Debug\link.17252.write.1.tlog
D:\depot\projects\samples\PercAwareness2\SampleStartCPUT\temp\Win32\v110\Debug\link.18208-cvtres.read.1.tlog
D:\depot\projects\samples\PercAwareness2\SampleStartCPUT\temp\Win32\v110\Debug\link.18208-cvtres.write.1.tlog
D:\depot\projects\samples\PercAwareness2\SampleStartCPUT\temp\Win32\v110\Debug\link.18208-rc.read.1.tlog
D:\depot\projects\samples\PercAwareness2\SampleStartCPUT\temp\Win32\v110\Debug\link.18208-rc.write.1.tlog
D:\depot\projects\samples\PercAwareness2\SampleStartCPUT\temp\Win32\v110\Debug\link.18208.read.1.tlog
D:\depot\projects\samples\PercAwareness2\SampleStartCPUT\temp\Win32\v110\Debug\link.18208.write.1.tlog
D:\depot\projects\samples\PercAwareness2\SampleStartCPUT\temp\Win32\v110\Debug\link.18252-cvtres.read.1.tlog
D:\depot\projects\samples\PercAwareness2\SampleStartCPUT\temp\Win32\v110\Debug\link.18252-cvtres.write.1.tlog
D:\depot\projects\samples\PercAwareness2\SampleStartCPUT\temp\Win32\v110\Debug\link.18252-rc.read.1.tlog
D:\depot\projects\samples\PercAwareness2\SampleStartCPUT\temp\Win32\v110\Debug\link.18252-rc.write.1.tlog
D:\depot\projects\samples\PercAwareness2\SampleStartCPUT\temp\Win32\v110\Debug\link.18252.read.1.tlog
D:\depot\projects\samples\PercAwareness2\SampleStartCPUT\temp\Win32\v110\Debug\link.18252.write.1.tlog
D:\depot\projects\samples\PercAwareness2\SampleStartCPUT\temp\Win32\v110\Debug\link.9492-cvtres.read.1.tlog
D:\depot\projects\samples\PercAwareness2\SampleStartCPUT\temp\Win32\v110\Debug\link.9492-cvtres.write.1.tlog
D:\depot\projects\samples\PercAwareness2\SampleStartCPUT\temp\Win32\v110\Debug\link.9492-rc.read.1.tlog
D:\depot\projects\samples\PercAwareness2\SampleStartCPUT\temp\Win32\v110\Debug\link.9492-rc.write.1.tlog
D:\depot\projects\samples\PercAwareness2\SampleStartCPUT\temp\Win32\v110\Debug\link.9492.read.1.tlog
D:\depot\projects\samples\PercAwareness2\SampleStartCPUT\temp\Win32\v110\Debug\link.9492.write.1.tlog
D:\depot\projects\samples\PercAwareness2\SampleStartCPUT\temp\Win32\v110\Debug\link.command.1.tlog
D:\depot\projects\samples\PercAwareness2\SampleStartCPUT\temp\Win32\v110\Debug\link.read.1.tlog
D:\depot\projects\samples\PercAwareness2\SampleStartCPUT\temp\Win32\v110\Debug\link.write.1.tlog
D:\depot\projects\samples\PercAwareness2\SampleStartCPUT\temp\Win32\v110\Debug\rc.command.1.tlog
D:\depot\projects\samples\PercAwareness2\SampleStartCPUT\temp\Win32\v110\Debug\rc.read.1.tlog
D:\depot\projects\samples\PercAwareness2\SampleStartCPUT\temp\Win32\v110\Debug\rc.write.1.tlog
D:\depot\projects\samples\PercAwareness2\SampleStartCPUT\temp\Win32\v110\Debug\SampleStartDX.res
D:\depot\projects\samples\PercAwareness2\SampleStartCPUT\temp\Win32\v110\Debug\vc110.idb
D:\depot\projects\samples\PercAwareness2\SampleStartCPUT\temp\Win32\v110\Debug\vc110.pdb
D:\depot\projects\samples\PercAwareness2\SampleStartCPUT\bin\Win32\v110\PerCAwareness_D32.pdb
D:\depot\projects\samples\PercAwareness2\SampleStartCPUT\bin\Win32\v110\PerCAwareness_D32.exe
D:\depot\projects\samples\PercAwareness2\SampleStartCPUT\bin\Win32\v110\PerCAwareness_D32.ilk
