D:\DEPOT\PROJECTS\SAMPLES\PERCAWARENESS2\DIRECTXTEX\DIRECTXTEX\X64\RELEASE\DIRECTXTEX.PCH
D:\DEPOT\PROJECTS\SAMPLES\PERCAWARENESS2\DIRECTXTEX\DIRECTXTEX\X64\RELEASE\DIRECTXTEXUTIL.OBJ
D:\DEPOT\PROJECTS\SAMPLES\PERCAWARENESS2\DIRECTXTEX\DIRECTXTEX\X64\RELEASE\VC110.PDB
D:\DEPOT\PROJECTS\SAMPLES\PERCAWARENESS2\DIRECTXTEX\DIRECTXTEX\X64\RELEASE\DIRECTXTEXWIC.OBJ
D:\DEPOT\PROJECTS\SAMPLES\PERCAWARENESS2\DIRECTXTEX\DIRECTXTEX\X64\RELEASE\DIRECTXTEXTGA.OBJ
D:\DEPOT\PROJECTS\SAMPLES\PERCAWARENESS2\DIRECTXTEX\DIRECTXTEX\X64\RELEASE\DIRECTXTEXRESIZE.OBJ
D:\DEPOT\PROJECTS\SAMPLES\PERCAWARENESS2\DIRECTXTEX\DIRECTXTEX\X64\RELEASE\DIRECTXTEXPMALPHA.OBJ
D:\DEPOT\PROJECTS\SAMPLES\PERCAWARENESS2\DIRECTXTEX\DIRECTXTEX\X64\RELEASE\DIRECTXTEXNORMALMAPS.OBJ
D:\DEPOT\PROJECTS\SAMPLES\PERCAWARENESS2\DIRECTXTEX\DIRECTXTEX\X64\RELEASE\DIRECTXTEXMISC.OBJ
D:\DEPOT\PROJECTS\SAMPLES\PERCAWARENESS2\DIRECTXTEX\DIRECTXTEX\X64\RELEASE\DIRECTXTEXMIPMAPS.OBJ
D:\DEPOT\PROJECTS\SAMPLES\PERCAWARENESS2\DIRECTXTEX\DIRECTXTEX\X64\RELEASE\DIRECTXTEXIMAGE.OBJ
D:\DEPOT\PROJECTS\SAMPLES\PERCAWARENESS2\DIRECTXTEX\DIRECTXTEX\X64\RELEASE\DIRECTXTEXFLIPROTATE.OBJ
D:\DEPOT\PROJECTS\SAMPLES\PERCAWARENESS2\DIRECTXTEX\DIRECTXTEX\X64\RELEASE\DIRECTXTEXDDS.OBJ
D:\DEPOT\PROJECTS\SAMPLES\PERCAWARENESS2\DIRECTXTEX\DIRECTXTEX\X64\RELEASE\DIRECTXTEXD3D11.OBJ
D:\DEPOT\PROJECTS\SAMPLES\PERCAWARENESS2\DIRECTXTEX\DIRECTXTEX\X64\RELEASE\DIRECTXTEXCONVERT.OBJ
D:\DEPOT\PROJECTS\SAMPLES\PERCAWARENESS2\DIRECTXTEX\DIRECTXTEX\X64\RELEASE\DIRECTXTEXCOMPRESS.OBJ
D:\DEPOT\PROJECTS\SAMPLES\PERCAWARENESS2\DIRECTXTEX\DIRECTXTEX\X64\RELEASE\BC6HBC7.OBJ
D:\DEPOT\PROJECTS\SAMPLES\PERCAWARENESS2\DIRECTXTEX\DIRECTXTEX\X64\RELEASE\BC4BC5.OBJ
D:\DEPOT\PROJECTS\SAMPLES\PERCAWARENESS2\DIRECTXTEX\DIRECTXTEX\X64\RELEASE\BC.OBJ
D:\DEPOT\PROJECTS\SAMPLES\PERCAWARENESS2\DIRECTXTEX\DIRECTXTEX\X64\RELEASE\DIRECTXTEX.LIB
D:\depot\projects\samples\PercAwareness2\DirectXTex\DirectXTex\x64\Release\BC.obj
D:\depot\projects\samples\PercAwareness2\DirectXTex\DirectXTex\x64\Release\BC4BC5.obj
D:\depot\projects\samples\PercAwareness2\DirectXTex\DirectXTex\x64\Release\BC6HBC7.obj
D:\depot\projects\samples\PercAwareness2\DirectXTex\DirectXTex\x64\Release\DirectXTexCompress.obj
D:\depot\projects\samples\PercAwareness2\DirectXTex\DirectXTex\x64\Release\DirectXTexConvert.obj
D:\depot\projects\samples\PercAwareness2\DirectXTex\DirectXTex\x64\Release\DirectXTexD3D11.obj
D:\depot\projects\samples\PercAwareness2\DirectXTex\DirectXTex\x64\Release\DirectXTexDDS.obj
D:\depot\projects\samples\PercAwareness2\DirectXTex\DirectXTex\x64\Release\DirectXTexFlipRotate.obj
D:\depot\projects\samples\PercAwareness2\DirectXTex\DirectXTex\x64\Release\DirectXTexImage.obj
D:\depot\projects\samples\PercAwareness2\DirectXTex\DirectXTex\x64\Release\DirectXTexMipMaps.obj
D:\depot\projects\samples\PercAwareness2\DirectXTex\DirectXTex\x64\Release\DirectXTexMisc.obj
D:\depot\projects\samples\PercAwareness2\DirectXTex\DirectXTex\x64\Release\DirectXTexNormalMaps.obj
D:\depot\projects\samples\PercAwareness2\DirectXTex\DirectXTex\x64\Release\DirectXTexPMAlpha.obj
D:\depot\projects\samples\PercAwareness2\DirectXTex\DirectXTex\x64\Release\DirectXTexResize.obj
D:\depot\projects\samples\PercAwareness2\DirectXTex\DirectXTex\x64\Release\DirectXTexTGA.obj
D:\depot\projects\samples\PercAwareness2\DirectXTex\DirectXTex\x64\Release\DirectXTexUtil.obj
D:\depot\projects\samples\PercAwareness2\DirectXTex\DirectXTex\x64\Release\DirectXTexWIC.obj
D:\depot\projects\samples\PercAwareness2\DirectXTex\DirectXTex\x64\Release\cl.command.1.tlog
D:\depot\projects\samples\PercAwareness2\DirectXTex\DirectXTex\x64\Release\CL.read.1.tlog
D:\depot\projects\samples\PercAwareness2\DirectXTex\DirectXTex\x64\Release\CL.write.1.tlog
D:\depot\projects\samples\PercAwareness2\DirectXTex\DirectXTex\x64\Release\Lib-link.read.1.tlog
D:\depot\projects\samples\PercAwareness2\DirectXTex\DirectXTex\x64\Release\Lib-link.write.1.tlog
D:\depot\projects\samples\PercAwareness2\DirectXTex\DirectXTex\x64\Release\lib.command.1.tlog
D:\depot\projects\samples\PercAwareness2\DirectXTex\DirectXTex\x64\Release\DirectXTex.pch
D:\depot\projects\samples\PercAwareness2\DirectXTex\DirectXTex\x64\Release\vc110.pdb
D:\depot\projects\samples\PercAwareness2\DirectXTex\DirectXTex\x64\Release\DirectXTex.lib
