D:\DEPOT\PROJECTS\SAMPLES\PERCAWARENESS2\SAMPLESTARTCPUT\TEMP\X64\V110\DEBUG\FACE_RENDER.OBJ
D:\DEPOT\PROJECTS\SAMPLES\PERCAWARENESS2\SAMPLESTARTCPUT\TEMP\X64\V110\DEBUG\MONITORUTILS.OBJ
D:\DEPOT\PROJECTS\SAMPLES\PERCAWARENESS2\SAMPLESTARTCPUT\TEMP\X64\V110\DEBUG\PERCEPTUALASSISTANT.OBJ
D:\DEPOT\PROJECTS\SAMPLES\PERCAWARENESS2\SAMPLESTARTCPUT\TEMP\X64\V110\DEBUG\SAMPLESTARTDX11.OBJ
D:\DEPOT\PROJECTS\SAMPLES\PERCAWARENESS2\SAMPLESTARTCPUT\TEMP\X64\V110\DEBUG\VC110.PDB
D:\DEPOT\PROJECTS\SAMPLES\PERCAWARENESS2\SAMPLESTARTCPUT\BIN\X64\V110\PERCAWARENESS_D64.ILK
D:\DEPOT\PROJECTS\SAMPLES\PERCAWARENESS2\SAMPLESTARTCPUT\BIN\X64\V110\PERCAWARENESS_D64.EXE
D:\DEPOT\PROJECTS\SAMPLES\PERCAWARENESS2\SAMPLESTARTCPUT\BIN\X64\V110\PERCAWARENESS_D64.PDB
D:\DEPOT\PROJECTS\SAMPLES\PERCAWARENESS2\SAMPLESTARTCPUT\TEMP\X64\V110\DEBUG\SAMPLESTARTDX.RES
D:\depot\projects\samples\PercAwareness2\SampleStartCPUT\temp\x64\v110\Debug\SampleStartDX_2012.vcxprojResolveAssemblyReference.cache
D:\depot\projects\samples\PercAwareness2\SampleStartCPUT\temp\x64\v110\Debug\face_render.obj
D:\depot\projects\samples\PercAwareness2\SampleStartCPUT\temp\x64\v110\Debug\MonitorUtils.obj
D:\depot\projects\samples\PercAwareness2\SampleStartCPUT\temp\x64\v110\Debug\PerceptualAssistant.obj
D:\depot\projects\samples\PercAwareness2\SampleStartCPUT\temp\x64\v110\Debug\SampleStartDX11.obj
D:\depot\projects\samples\PercAwareness2\SampleStartCPUT\temp\x64\v110\Debug\cl.command.1.tlog
D:\depot\projects\samples\PercAwareness2\SampleStartCPUT\temp\x64\v110\Debug\CL.read.1.tlog
D:\depot\projects\samples\PercAwareness2\SampleStartCPUT\temp\x64\v110\Debug\CL.write.1.tlog
D:\depot\projects\samples\PercAwareness2\SampleStartCPUT\temp\x64\v110\Debug\link-cvtres.read.1.tlog
D:\depot\projects\samples\PercAwareness2\SampleStartCPUT\temp\x64\v110\Debug\link-cvtres.write.1.tlog
D:\depot\projects\samples\PercAwareness2\SampleStartCPUT\temp\x64\v110\Debug\link-rc.read.1.tlog
D:\depot\projects\samples\PercAwareness2\SampleStartCPUT\temp\x64\v110\Debug\link-rc.write.1.tlog
D:\depot\projects\samples\PercAwareness2\SampleStartCPUT\temp\x64\v110\Debug\link.command.1.tlog
D:\depot\projects\samples\PercAwareness2\SampleStartCPUT\temp\x64\v110\Debug\link.read.1.tlog
D:\depot\projects\samples\PercAwareness2\SampleStartCPUT\temp\x64\v110\Debug\link.write.1.tlog
D:\depot\projects\samples\PercAwareness2\SampleStartCPUT\temp\x64\v110\Debug\rc.command.1.tlog
D:\depot\projects\samples\PercAwareness2\SampleStartCPUT\temp\x64\v110\Debug\rc.read.1.tlog
D:\depot\projects\samples\PercAwareness2\SampleStartCPUT\temp\x64\v110\Debug\rc.write.1.tlog
D:\depot\projects\samples\PercAwareness2\SampleStartCPUT\temp\x64\v110\Debug\SampleStartDX.res
D:\depot\projects\samples\PercAwareness2\SampleStartCPUT\temp\x64\v110\Debug\vc110.idb
D:\depot\projects\samples\PercAwareness2\SampleStartCPUT\temp\x64\v110\Debug\vc110.pdb
D:\depot\projects\samples\PercAwareness2\SampleStartCPUT\bin\x64\v110\PerCAwareness_D64.pdb
D:\depot\projects\samples\PercAwareness2\SampleStartCPUT\bin\x64\v110\PerCAwareness_D64.exe
D:\depot\projects\samples\PercAwareness2\SampleStartCPUT\bin\x64\v110\PerCAwareness_D64.ilk
