D:\DEPOT\PROJECTS\SAMPLES\PERCAWARENESS2\DIRECTXTEX\DIRECTXTEX\PROFILE\DIRECTXTEX.PCH
D:\DEPOT\PROJECTS\SAMPLES\PERCAWARENESS2\DIRECTXTEX\DIRECTXTEX\PROFILE\DIRECTXTEXUTIL.OBJ
D:\DEPOT\PROJECTS\SAMPLES\PERCAWARENESS2\DIRECTXTEX\DIRECTXTEX\PROFILE\VC110.PDB
D:\DEPOT\PROJECTS\SAMPLES\PERCAWARENESS2\DIRECTXTEX\DIRECTXTEX\PROFILE\DIRECTXTEXWIC.OBJ
D:\DEPOT\PROJECTS\SAMPLES\PERCAWARENESS2\DIRECTXTEX\DIRECTXTEX\PROFILE\DIRECTXTEXTGA.OBJ
D:\DEPOT\PROJECTS\SAMPLES\PERCAWARENESS2\DIRECTXTEX\DIRECTXTEX\PROFILE\DIRECTXTEXRESIZE.OBJ
D:\DEPOT\PROJECTS\SAMPLES\PERCAWARENESS2\DIRECTXTEX\DIRECTXTEX\PROFILE\DIRECTXTEXPMALPHA.OBJ
D:\DEPOT\PROJECTS\SAMPLES\PERCAWARENESS2\DIRECTXTEX\DIRECTXTEX\PROFILE\DIRECTXTEXNORMALMAPS.OBJ
D:\DEPOT\PROJECTS\SAMPLES\PERCAWARENESS2\DIRECTXTEX\DIRECTXTEX\PROFILE\DIRECTXTEXMISC.OBJ
D:\DEPOT\PROJECTS\SAMPLES\PERCAWARENESS2\DIRECTXTEX\DIRECTXTEX\PROFILE\DIRECTXTEXMIPMAPS.OBJ
D:\DEPOT\PROJECTS\SAMPLES\PERCAWARENESS2\DIRECTXTEX\DIRECTXTEX\PROFILE\DIRECTXTEXIMAGE.OBJ
D:\DEPOT\PROJECTS\SAMPLES\PERCAWARENESS2\DIRECTXTEX\DIRECTXTEX\PROFILE\DIRECTXTEXFLIPROTATE.OBJ
D:\DEPOT\PROJECTS\SAMPLES\PERCAWARENESS2\DIRECTXTEX\DIRECTXTEX\PROFILE\DIRECTXTEXDDS.OBJ
D:\DEPOT\PROJECTS\SAMPLES\PERCAWARENESS2\DIRECTXTEX\DIRECTXTEX\PROFILE\DIRECTXTEXD3D11.OBJ
D:\DEPOT\PROJECTS\SAMPLES\PERCAWARENESS2\DIRECTXTEX\DIRECTXTEX\PROFILE\DIRECTXTEXCONVERT.OBJ
D:\DEPOT\PROJECTS\SAMPLES\PERCAWARENESS2\DIRECTXTEX\DIRECTXTEX\PROFILE\DIRECTXTEXCOMPRESS.OBJ
D:\DEPOT\PROJECTS\SAMPLES\PERCAWARENESS2\DIRECTXTEX\DIRECTXTEX\PROFILE\BC6HBC7.OBJ
D:\DEPOT\PROJECTS\SAMPLES\PERCAWARENESS2\DIRECTXTEX\DIRECTXTEX\PROFILE\BC4BC5.OBJ
D:\DEPOT\PROJECTS\SAMPLES\PERCAWARENESS2\DIRECTXTEX\DIRECTXTEX\PROFILE\BC.OBJ
D:\DEPOT\PROJECTS\SAMPLES\PERCAWARENESS2\DIRECTXTEX\DIRECTXTEX\PROFILE\DIRECTXTEX.LIB
D:\depot\projects\samples\PercAwareness2\DirectXTex\DirectXTex\Profile\BC.obj
D:\depot\projects\samples\PercAwareness2\DirectXTex\DirectXTex\Profile\BC4BC5.obj
D:\depot\projects\samples\PercAwareness2\DirectXTex\DirectXTex\Profile\BC6HBC7.obj
D:\depot\projects\samples\PercAwareness2\DirectXTex\DirectXTex\Profile\DirectXTexCompress.obj
D:\depot\projects\samples\PercAwareness2\DirectXTex\DirectXTex\Profile\DirectXTexConvert.obj
D:\depot\projects\samples\PercAwareness2\DirectXTex\DirectXTex\Profile\DirectXTexD3D11.obj
D:\depot\projects\samples\PercAwareness2\DirectXTex\DirectXTex\Profile\DirectXTexDDS.obj
D:\depot\projects\samples\PercAwareness2\DirectXTex\DirectXTex\Profile\DirectXTexFlipRotate.obj
D:\depot\projects\samples\PercAwareness2\DirectXTex\DirectXTex\Profile\DirectXTexImage.obj
D:\depot\projects\samples\PercAwareness2\DirectXTex\DirectXTex\Profile\DirectXTexMipMaps.obj
D:\depot\projects\samples\PercAwareness2\DirectXTex\DirectXTex\Profile\DirectXTexMisc.obj
D:\depot\projects\samples\PercAwareness2\DirectXTex\DirectXTex\Profile\DirectXTexNormalMaps.obj
D:\depot\projects\samples\PercAwareness2\DirectXTex\DirectXTex\Profile\DirectXTexPMAlpha.obj
D:\depot\projects\samples\PercAwareness2\DirectXTex\DirectXTex\Profile\DirectXTexResize.obj
D:\depot\projects\samples\PercAwareness2\DirectXTex\DirectXTex\Profile\DirectXTexTGA.obj
D:\depot\projects\samples\PercAwareness2\DirectXTex\DirectXTex\Profile\DirectXTexUtil.obj
D:\depot\projects\samples\PercAwareness2\DirectXTex\DirectXTex\Profile\DirectXTexWIC.obj
D:\depot\projects\samples\PercAwareness2\DirectXTex\DirectXTex\Profile\cl.command.1.tlog
D:\depot\projects\samples\PercAwareness2\DirectXTex\DirectXTex\Profile\CL.read.1.tlog
D:\depot\projects\samples\PercAwareness2\DirectXTex\DirectXTex\Profile\CL.write.1.tlog
D:\depot\projects\samples\PercAwareness2\DirectXTex\DirectXTex\Profile\Lib-link.read.1.tlog
D:\depot\projects\samples\PercAwareness2\DirectXTex\DirectXTex\Profile\Lib-link.write.1.tlog
D:\depot\projects\samples\PercAwareness2\DirectXTex\DirectXTex\Profile\lib.command.1.tlog
D:\depot\projects\samples\PercAwareness2\DirectXTex\DirectXTex\Profile\DirectXTex.pch
D:\depot\projects\samples\PercAwareness2\DirectXTex\DirectXTex\Profile\vc110.pdb
D:\depot\projects\samples\PercAwareness2\DirectXTex\DirectXTex\Profile\DirectXTex.lib
