Build started 7/23/2013 2:53:28 PM.
     1>Project "D:\depot\projects\samples\PercAwareness2\DirectXTex\DirectXTex\DirectXTex_Desktop_2012.vcxproj" on node 2 (Build target(s)).
     1>InitializeBuildStatus:
         Creating "Profile\DirectXTex.unsuccessfulbuild" because "AlwaysCreate" was specified.
       ClCompile:
         C:\Program Files (x86)\Microsoft Visual Studio 11.0\VC\bin\CL.exe /c /I..\XNAMath /Zi /nologo /W4 /WX- /O2 /Oi /Oy- /GL /D _UNICODE /D UNICODE /D WIN32 /D NDEBUG /D PROFILE /D _LIB /D DXGI_1_2_FORMATS /D _WIN7_PLATFORM_UPDATE /D _WIN32_WINNT=0x0600 /D _UNICODE /D UNICODE /Gm- /EHsc /MD /GS /Gy /arch:SSE2 /fp:fast /Zc:wchar_t /Zc:forScope /openmp /Yc"DirectXTexP.h" /Fp"Profile\DirectXTex.pch" /Fo"Profile\\" /Fd"Profile\vc110.pdb" /Gd /TP /analyze- /errorReport:prompt  DirectXTexUtil.cpp
         DirectXTexUtil.cpp
         C:\Program Files (x86)\Microsoft Visual Studio 11.0\VC\bin\CL.exe /c /I..\XNAMath /Zi /nologo /W4 /WX- /O2 /Oi /Oy- /GL /D _UNICODE /D UNICODE /D WIN32 /D NDEBUG /D PROFILE /D _LIB /D DXGI_1_2_FORMATS /D _WIN7_PLATFORM_UPDATE /D _WIN32_WINNT=0x0600 /D _UNICODE /D UNICODE /Gm- /EHsc /MD /GS /Gy /arch:SSE2 /fp:fast /Zc:wchar_t /Zc:forScope /openmp /Yu"DirectXTexP.h" /Fp"Profile\DirectXTex.pch" /Fo"Profile\\" /Fd"Profile\vc110.pdb" /Gd /TP /analyze- /errorReport:prompt  BC.cpp BC4BC5.cpp BC6HBC7.cpp DirectXTexCompress.cpp DirectXTexConvert.cpp DirectXTexD3D11.cpp DirectXTexDDS.cpp DirectXTexFlipRotate.cpp DirectXTexImage.cpp DirectXTexMipMaps.cpp DirectXTexMisc.cpp DirectXTexNormalMaps.cpp DirectXTexPMAlpha.cpp DirectXTexResize.cpp DirectXTexTGA.cpp DirectXTexWIC.cpp
         BC.cpp
         BC4BC5.cpp
         BC6HBC7.cpp
         DirectXTexCompress.cpp
         DirectXTexConvert.cpp
         DirectXTexD3D11.cpp
         DirectXTexDDS.cpp
         DirectXTexFlipRotate.cpp
         DirectXTexImage.cpp
         DirectXTexMipMaps.cpp
         DirectXTexMisc.cpp
         DirectXTexNormalMaps.cpp
         DirectXTexPMAlpha.cpp
         DirectXTexResize.cpp
         DirectXTexTGA.cpp
         DirectXTexWIC.cpp
       Lib:
         C:\Program Files (x86)\Microsoft Visual Studio 11.0\VC\bin\Lib.exe /OUT:"D:\depot\projects\samples\PercAwareness2\DirectXTex\DirectXTex\Profile\DirectXTex.lib" /NOLOGO /LTCG Profile\BC.obj
         Profile\BC4BC5.obj
         Profile\BC6HBC7.obj
         Profile\DirectXTexCompress.obj
         Profile\DirectXTexConvert.obj
         Profile\DirectXTexD3D11.obj
         Profile\DirectXTexDDS.obj
         Profile\DirectXTexFlipRotate.obj
         Profile\DirectXTexImage.obj
         Profile\DirectXTexMipMaps.obj
         Profile\DirectXTexMisc.obj
         Profile\DirectXTexNormalMaps.obj
         Profile\DirectXTexPMAlpha.obj
         Profile\DirectXTexResize.obj
         Profile\DirectXTexTGA.obj
         Profile\DirectXTexUtil.obj
         Profile\DirectXTexWIC.obj
         DirectXTex_Desktop_2012.vcxproj -> D:\depot\projects\samples\PercAwareness2\DirectXTex\DirectXTex\Profile\DirectXTex.lib
       FinalizeBuildStatus:
         Deleting file "Profile\DirectXTex.unsuccessfulbuild".
         Touching "Profile\DirectXTex.lastbuildstate".
     1>Done Building Project "D:\depot\projects\samples\PercAwareness2\DirectXTex\DirectXTex\DirectXTex_Desktop_2012.vcxproj" (Build target(s)).

Build succeeded.

Time Elapsed 00:00:01.78
