D:\DEPOT\PROJECTS\SAMPLES\PERCAWARENESS2\CPUT\TEMP\WIN32\V110\DEBUG\CPUTASSETLIBRARY.OBJ
D:\DEPOT\PROJECTS\SAMPLES\PERCAWARENESS2\CPUT\TEMP\WIN32\V110\DEBUG\CPUTDOMAINSHADERDX11.OBJ
D:\DEPOT\PROJECTS\SAMPLES\PERCAWARENESS2\CPUT\TEMP\WIN32\V110\DEBUG\CPUTHULLSHADERDX11.OBJ
D:\DEPOT\PROJECTS\SAMPLES\PERCAWARENESS2\CPUT\TEMP\WIN32\V110\DEBUG\CPUTMODEL.OBJ
D:\DEPOT\PROJECTS\SAMPLES\PERCAWARENESS2\CPUT\TEMP\WIN32\V110\DEBUG\CPUTPOSTPROCESS.OBJ
D:\DEPOT\PROJECTS\SAMPLES\PERCAWARENESS2\CPUT\TEMP\WIN32\V110\DEBUG\CPUTTEXTURE.OBJ
D:\DEPOT\PROJECTS\SAMPLES\PERCAWARENESS2\CPUT\TEMP\WIN32\V110\DEBUG\CPUTBUFFERDX11.OBJ
D:\DEPOT\PROJECTS\SAMPLES\PERCAWARENESS2\CPUT\TEMP\WIN32\V110\DEBUG\CPUTGEOMETRYSHADERDX11.OBJ
D:\DEPOT\PROJECTS\SAMPLES\PERCAWARENESS2\CPUT\TEMP\WIN32\V110\DEBUG\CPUTMATERIALDX11.OBJ
D:\DEPOT\PROJECTS\SAMPLES\PERCAWARENESS2\CPUT\TEMP\WIN32\V110\DEBUG\CPUTOSSERVICESWIN.OBJ
D:\DEPOT\PROJECTS\SAMPLES\PERCAWARENESS2\CPUT\TEMP\WIN32\V110\DEBUG\CPUTSLIDER.OBJ
D:\DEPOT\PROJECTS\SAMPLES\PERCAWARENESS2\CPUT\TEMP\WIN32\V110\DEBUG\CPUTVERTEXSHADERDX11.OBJ
D:\DEPOT\PROJECTS\SAMPLES\PERCAWARENESS2\CPUT\TEMP\WIN32\V110\DEBUG\DDSTEXTURELOADER.OBJ
D:\DEPOT\PROJECTS\SAMPLES\PERCAWARENESS2\CPUT\TEMP\WIN32\V110\DEBUG\CPUTCOMPUTESHADERDX11.OBJ
D:\DEPOT\PROJECTS\SAMPLES\PERCAWARENESS2\CPUT\TEMP\WIN32\V110\DEBUG\CPUTGUICONTROLLER.OBJ
D:\DEPOT\PROJECTS\SAMPLES\PERCAWARENESS2\CPUT\TEMP\WIN32\V110\DEBUG\CPUTMODELDX11.OBJ
D:\DEPOT\PROJECTS\SAMPLES\PERCAWARENESS2\CPUT\TEMP\WIN32\V110\DEBUG\CPUTRENDERTARGET.OBJ
D:\DEPOT\PROJECTS\SAMPLES\PERCAWARENESS2\CPUT\TEMP\WIN32\V110\DEBUG\CPUTMESH.OBJ
D:\DEPOT\PROJECTS\SAMPLES\PERCAWARENESS2\CPUT\TEMP\WIN32\V110\DEBUG\CPUTASSETSET.OBJ
D:\DEPOT\PROJECTS\SAMPLES\PERCAWARENESS2\CPUT\TEMP\WIN32\V110\DEBUG\CPUTCONTROL.OBJ
D:\DEPOT\PROJECTS\SAMPLES\PERCAWARENESS2\CPUT\TEMP\WIN32\V110\DEBUG\CPUTGUICONTROLLERDX11.OBJ
D:\DEPOT\PROJECTS\SAMPLES\PERCAWARENESS2\CPUT\TEMP\WIN32\V110\DEBUG\CPUTPIXELSHADERDX11.OBJ
D:\DEPOT\PROJECTS\SAMPLES\PERCAWARENESS2\CPUT\TEMP\WIN32\V110\DEBUG\CPUTLIGHT.OBJ
D:\DEPOT\PROJECTS\SAMPLES\PERCAWARENESS2\CPUT\TEMP\WIN32\V110\DEBUG\CPUTTEXT.OBJ
D:\DEPOT\PROJECTS\SAMPLES\PERCAWARENESS2\CPUT\TEMP\WIN32\V110\DEBUG\CPUT_DX11.OBJ
D:\DEPOT\PROJECTS\SAMPLES\PERCAWARENESS2\CPUT\TEMP\WIN32\V110\DEBUG\CPUTASSETLIBRARYDX11.OBJ
D:\DEPOT\PROJECTS\SAMPLES\PERCAWARENESS2\CPUT\TEMP\WIN32\V110\DEBUG\CPUTFRUSTUM.OBJ
D:\DEPOT\PROJECTS\SAMPLES\PERCAWARENESS2\CPUT\TEMP\WIN32\V110\DEBUG\CPUTMESHDX11.OBJ
D:\DEPOT\PROJECTS\SAMPLES\PERCAWARENESS2\CPUT\TEMP\WIN32\V110\DEBUG\CPUTRENDERSTATEBLOCKDX11.OBJ
D:\DEPOT\PROJECTS\SAMPLES\PERCAWARENESS2\CPUT\TEMP\WIN32\V110\DEBUG\CPUTTEXTUREDX11.OBJ
D:\DEPOT\PROJECTS\SAMPLES\PERCAWARENESS2\CPUT\TEMP\WIN32\V110\DEBUG\CPUTCHECKBOX.OBJ
D:\DEPOT\PROJECTS\SAMPLES\PERCAWARENESS2\CPUT\TEMP\WIN32\V110\DEBUG\CPUTFONT.OBJ
D:\DEPOT\PROJECTS\SAMPLES\PERCAWARENESS2\CPUT\TEMP\WIN32\V110\DEBUG\CPUTITTTASKMARKER.OBJ
D:\DEPOT\PROJECTS\SAMPLES\PERCAWARENESS2\CPUT\TEMP\WIN32\V110\DEBUG\CPUTNULLNODE.OBJ
D:\DEPOT\PROJECTS\SAMPLES\PERCAWARENESS2\CPUT\TEMP\WIN32\V110\DEBUG\CPUTRENDERNODE.OBJ
D:\DEPOT\PROJECTS\SAMPLES\PERCAWARENESS2\CPUT\TEMP\WIN32\V110\DEBUG\CPUTSCENE.OBJ
D:\DEPOT\PROJECTS\SAMPLES\PERCAWARENESS2\CPUT\TEMP\WIN32\V110\DEBUG\CPUTTIMERWIN.OBJ
D:\DEPOT\PROJECTS\SAMPLES\PERCAWARENESS2\CPUT\TEMP\WIN32\V110\DEBUG\CPUTWINDOWWIN.OBJ
D:\DEPOT\PROJECTS\SAMPLES\PERCAWARENESS2\CPUT\TEMP\WIN32\V110\DEBUG\CPUTBUTTON.OBJ
D:\DEPOT\PROJECTS\SAMPLES\PERCAWARENESS2\CPUT\TEMP\WIN32\V110\DEBUG\CPUTDROPDOWN.OBJ
D:\DEPOT\PROJECTS\SAMPLES\PERCAWARENESS2\CPUT\TEMP\WIN32\V110\DEBUG\CPUTMATERIAL.OBJ
D:\DEPOT\PROJECTS\SAMPLES\PERCAWARENESS2\CPUT\TEMP\WIN32\V110\DEBUG\CPUTPERFTASKMARKER.OBJ
D:\DEPOT\PROJECTS\SAMPLES\PERCAWARENESS2\CPUT\TEMP\WIN32\V110\DEBUG\CPUTCAMERA.OBJ
D:\DEPOT\PROJECTS\SAMPLES\PERCAWARENESS2\CPUT\TEMP\WIN32\V110\DEBUG\CPUTSPRITE.OBJ
D:\DEPOT\PROJECTS\SAMPLES\PERCAWARENESS2\CPUT\TEMP\WIN32\V110\DEBUG\CPUTASSETSETDX11.OBJ
D:\DEPOT\PROJECTS\SAMPLES\PERCAWARENESS2\CPUT\TEMP\WIN32\V110\DEBUG\CPUTFONTDX11.OBJ
D:\DEPOT\PROJECTS\SAMPLES\PERCAWARENESS2\CPUT\TEMP\WIN32\V110\DEBUG\CPUTCONFIGBLOCK.OBJ
D:\DEPOT\PROJECTS\SAMPLES\PERCAWARENESS2\CPUT\TEMP\WIN32\V110\DEBUG\CPUTRENDERSTATEBLOCK.OBJ
D:\DEPOT\PROJECTS\SAMPLES\PERCAWARENESS2\CPUT\TEMP\WIN32\V110\DEBUG\CPUTSHADERDX11.OBJ
D:\DEPOT\PROJECTS\SAMPLES\PERCAWARENESS2\CPUT\TEMP\WIN32\V110\DEBUG\CPUTINPUTLAYOUTCACHEDX11.OBJ
D:\DEPOT\PROJECTS\SAMPLES\PERCAWARENESS2\CPUT\TEMP\WIN32\V110\DEBUG\VC110.PDB
D:\DEPOT\PROJECTS\SAMPLES\PERCAWARENESS2\CPUT\LIB\WIN32\V110\CPUT-DX11_2012_32D.LIB
D:\depot\projects\samples\PercAwareness2\CPUT\temp\Win32\v110\Debug\CPUTAssetLibrary.obj
D:\depot\projects\samples\PercAwareness2\CPUT\temp\Win32\v110\Debug\CPUTAssetLibraryDX11.obj
D:\depot\projects\samples\PercAwareness2\CPUT\temp\Win32\v110\Debug\CPUTAssetSet.obj
D:\depot\projects\samples\PercAwareness2\CPUT\temp\Win32\v110\Debug\CPUTAssetSetDX11.obj
D:\depot\projects\samples\PercAwareness2\CPUT\temp\Win32\v110\Debug\CPUTBufferDX11.obj
D:\depot\projects\samples\PercAwareness2\CPUT\temp\Win32\v110\Debug\CPUTButton.obj
D:\depot\projects\samples\PercAwareness2\CPUT\temp\Win32\v110\Debug\CPUTCamera.obj
D:\depot\projects\samples\PercAwareness2\CPUT\temp\Win32\v110\Debug\CPUTCheckbox.obj
D:\depot\projects\samples\PercAwareness2\CPUT\temp\Win32\v110\Debug\CPUTComputeShaderDX11.obj
D:\depot\projects\samples\PercAwareness2\CPUT\temp\Win32\v110\Debug\CPUTConfigBlock.obj
D:\depot\projects\samples\PercAwareness2\CPUT\temp\Win32\v110\Debug\CPUTControl.obj
D:\depot\projects\samples\PercAwareness2\CPUT\temp\Win32\v110\Debug\CPUTDomainShaderDX11.obj
D:\depot\projects\samples\PercAwareness2\CPUT\temp\Win32\v110\Debug\CPUTDropdown.obj
D:\depot\projects\samples\PercAwareness2\CPUT\temp\Win32\v110\Debug\CPUTFont.obj
D:\depot\projects\samples\PercAwareness2\CPUT\temp\Win32\v110\Debug\CPUTFontDX11.obj
D:\depot\projects\samples\PercAwareness2\CPUT\temp\Win32\v110\Debug\CPUTFrustum.obj
D:\depot\projects\samples\PercAwareness2\CPUT\temp\Win32\v110\Debug\CPUTGeometryShaderDX11.obj
D:\depot\projects\samples\PercAwareness2\CPUT\temp\Win32\v110\Debug\CPUTGuiController.obj
D:\depot\projects\samples\PercAwareness2\CPUT\temp\Win32\v110\Debug\CPUTGuiControllerDX11.obj
D:\depot\projects\samples\PercAwareness2\CPUT\temp\Win32\v110\Debug\CPUTHullShaderDX11.obj
D:\depot\projects\samples\PercAwareness2\CPUT\temp\Win32\v110\Debug\CPUTInputLayoutCacheDX11.obj
D:\depot\projects\samples\PercAwareness2\CPUT\temp\Win32\v110\Debug\CPUTITTTaskMarker.obj
D:\depot\projects\samples\PercAwareness2\CPUT\temp\Win32\v110\Debug\CPUTLight.obj
D:\depot\projects\samples\PercAwareness2\CPUT\temp\Win32\v110\Debug\CPUTMaterial.obj
D:\depot\projects\samples\PercAwareness2\CPUT\temp\Win32\v110\Debug\CPUTMaterialDX11.obj
D:\depot\projects\samples\PercAwareness2\CPUT\temp\Win32\v110\Debug\CPUTMesh.obj
D:\depot\projects\samples\PercAwareness2\CPUT\temp\Win32\v110\Debug\CPUTMeshDX11.obj
D:\depot\projects\samples\PercAwareness2\CPUT\temp\Win32\v110\Debug\CPUTModel.obj
D:\depot\projects\samples\PercAwareness2\CPUT\temp\Win32\v110\Debug\CPUTModelDX11.obj
D:\depot\projects\samples\PercAwareness2\CPUT\temp\Win32\v110\Debug\CPUTNullNode.obj
D:\depot\projects\samples\PercAwareness2\CPUT\temp\Win32\v110\Debug\CPUTOSServicesWin.obj
D:\depot\projects\samples\PercAwareness2\CPUT\temp\Win32\v110\Debug\CPUTPerfTaskMarker.obj
D:\depot\projects\samples\PercAwareness2\CPUT\temp\Win32\v110\Debug\CPUTPixelShaderDX11.obj
D:\depot\projects\samples\PercAwareness2\CPUT\temp\Win32\v110\Debug\CPUTPostProcess.obj
D:\depot\projects\samples\PercAwareness2\CPUT\temp\Win32\v110\Debug\CPUTRenderNode.obj
D:\depot\projects\samples\PercAwareness2\CPUT\temp\Win32\v110\Debug\CPUTRenderStateBlock.obj
D:\depot\projects\samples\PercAwareness2\CPUT\temp\Win32\v110\Debug\CPUTRenderStateBlockDX11.obj
D:\depot\projects\samples\PercAwareness2\CPUT\temp\Win32\v110\Debug\CPUTRenderTarget.obj
D:\depot\projects\samples\PercAwareness2\CPUT\temp\Win32\v110\Debug\CPUTScene.obj
D:\depot\projects\samples\PercAwareness2\CPUT\temp\Win32\v110\Debug\CPUTShaderDX11.obj
D:\depot\projects\samples\PercAwareness2\CPUT\temp\Win32\v110\Debug\CPUTSlider.obj
D:\depot\projects\samples\PercAwareness2\CPUT\temp\Win32\v110\Debug\CPUTSprite.obj
D:\depot\projects\samples\PercAwareness2\CPUT\temp\Win32\v110\Debug\CPUTText.obj
D:\depot\projects\samples\PercAwareness2\CPUT\temp\Win32\v110\Debug\CPUTTexture.obj
D:\depot\projects\samples\PercAwareness2\CPUT\temp\Win32\v110\Debug\CPUTTextureDX11.obj
D:\depot\projects\samples\PercAwareness2\CPUT\temp\Win32\v110\Debug\CPUTTimerWin.obj
D:\depot\projects\samples\PercAwareness2\CPUT\temp\Win32\v110\Debug\CPUTVertexShaderDX11.obj
D:\depot\projects\samples\PercAwareness2\CPUT\temp\Win32\v110\Debug\CPUTWindowWin.obj
D:\depot\projects\samples\PercAwareness2\CPUT\temp\Win32\v110\Debug\CPUT_DX11.obj
D:\depot\projects\samples\PercAwareness2\CPUT\temp\Win32\v110\Debug\DDSTextureLoader.obj
D:\depot\projects\samples\PercAwareness2\CPUT\temp\Win32\v110\Debug\CL.11620.read.1.tlog
D:\depot\projects\samples\PercAwareness2\CPUT\temp\Win32\v110\Debug\CL.11620.write.1.tlog
D:\depot\projects\samples\PercAwareness2\CPUT\temp\Win32\v110\Debug\CL.11984.read.1.tlog
D:\depot\projects\samples\PercAwareness2\CPUT\temp\Win32\v110\Debug\CL.11984.write.1.tlog
D:\depot\projects\samples\PercAwareness2\CPUT\temp\Win32\v110\Debug\CL.13044.read.1.tlog
D:\depot\projects\samples\PercAwareness2\CPUT\temp\Win32\v110\Debug\CL.13044.write.1.tlog
D:\depot\projects\samples\PercAwareness2\CPUT\temp\Win32\v110\Debug\CL.13060.read.1.tlog
D:\depot\projects\samples\PercAwareness2\CPUT\temp\Win32\v110\Debug\CL.13060.write.1.tlog
D:\depot\projects\samples\PercAwareness2\CPUT\temp\Win32\v110\Debug\CL.13928.read.1.tlog
D:\depot\projects\samples\PercAwareness2\CPUT\temp\Win32\v110\Debug\CL.13928.write.1.tlog
D:\depot\projects\samples\PercAwareness2\CPUT\temp\Win32\v110\Debug\CL.14376.read.1.tlog
D:\depot\projects\samples\PercAwareness2\CPUT\temp\Win32\v110\Debug\CL.14376.write.1.tlog
D:\depot\projects\samples\PercAwareness2\CPUT\temp\Win32\v110\Debug\CL.14524.read.1.tlog
D:\depot\projects\samples\PercAwareness2\CPUT\temp\Win32\v110\Debug\CL.14524.write.1.tlog
D:\depot\projects\samples\PercAwareness2\CPUT\temp\Win32\v110\Debug\CL.15524.read.1.tlog
D:\depot\projects\samples\PercAwareness2\CPUT\temp\Win32\v110\Debug\CL.15524.write.1.tlog
D:\depot\projects\samples\PercAwareness2\CPUT\temp\Win32\v110\Debug\CL.15892.read.1.tlog
D:\depot\projects\samples\PercAwareness2\CPUT\temp\Win32\v110\Debug\CL.15892.write.1.tlog
D:\depot\projects\samples\PercAwareness2\CPUT\temp\Win32\v110\Debug\CL.16124.read.1.tlog
D:\depot\projects\samples\PercAwareness2\CPUT\temp\Win32\v110\Debug\CL.16124.write.1.tlog
D:\depot\projects\samples\PercAwareness2\CPUT\temp\Win32\v110\Debug\CL.16636.read.1.tlog
D:\depot\projects\samples\PercAwareness2\CPUT\temp\Win32\v110\Debug\CL.16636.write.1.tlog
D:\depot\projects\samples\PercAwareness2\CPUT\temp\Win32\v110\Debug\CL.17100.read.1.tlog
D:\depot\projects\samples\PercAwareness2\CPUT\temp\Win32\v110\Debug\CL.17100.write.1.tlog
D:\depot\projects\samples\PercAwareness2\CPUT\temp\Win32\v110\Debug\CL.17112.read.1.tlog
D:\depot\projects\samples\PercAwareness2\CPUT\temp\Win32\v110\Debug\CL.17112.write.1.tlog
D:\depot\projects\samples\PercAwareness2\CPUT\temp\Win32\v110\Debug\CL.17344.read.1.tlog
D:\depot\projects\samples\PercAwareness2\CPUT\temp\Win32\v110\Debug\CL.17344.write.1.tlog
D:\depot\projects\samples\PercAwareness2\CPUT\temp\Win32\v110\Debug\CL.6556.read.1.tlog
D:\depot\projects\samples\PercAwareness2\CPUT\temp\Win32\v110\Debug\CL.6556.write.1.tlog
D:\depot\projects\samples\PercAwareness2\CPUT\temp\Win32\v110\Debug\CL.9248.read.1.tlog
D:\depot\projects\samples\PercAwareness2\CPUT\temp\Win32\v110\Debug\CL.9248.write.1.tlog
D:\depot\projects\samples\PercAwareness2\CPUT\temp\Win32\v110\Debug\cl.command.1.tlog
D:\depot\projects\samples\PercAwareness2\CPUT\temp\Win32\v110\Debug\CL.read.1.tlog
D:\depot\projects\samples\PercAwareness2\CPUT\temp\Win32\v110\Debug\CL.write.1.tlog
D:\depot\projects\samples\PercAwareness2\CPUT\temp\Win32\v110\Debug\Lib-link.read.1.tlog
D:\depot\projects\samples\PercAwareness2\CPUT\temp\Win32\v110\Debug\Lib-link.write.1.tlog
D:\depot\projects\samples\PercAwareness2\CPUT\temp\Win32\v110\Debug\lib.command.1.tlog
D:\depot\projects\samples\PercAwareness2\CPUT\temp\Win32\v110\Debug\vc110.pdb
D:\depot\projects\samples\PercAwareness2\CPUT\lib\Win32\v110\CPUT-DX11_2012_32D.lib
