D:\DEPOT\PROJECTS\SAMPLES\PERCAWARENESS2\SAMPLESTARTCPUT\TEMP\WIN32\V110\RELEASE\SAMPLESTARTDX11.OBJ
D:\DEPOT\PROJECTS\SAMPLES\PERCAWARENESS2\SAMPLESTARTCPUT\TEMP\WIN32\V110\RELEASE\PERCEPTUALASSISTANT.OBJ
D:\DEPOT\PROJECTS\SAMPLES\PERCAWARENESS2\SAMPLESTARTCPUT\TEMP\WIN32\V110\RELEASE\MONITORUTILS.OBJ
D:\DEPOT\PROJECTS\SAMPLES\PERCAWARENESS2\SAMPLESTARTCPUT\TEMP\WIN32\V110\RELEASE\FACE_RENDER.OBJ
D:\DEPOT\PROJECTS\SAMPLES\PERCAWARENESS2\SAMPLESTARTCPUT\TEMP\WIN32\V110\RELEASE\VC110.PDB
D:\DEPOT\PROJECTS\SAMPLES\PERCAWARENESS2\SAMPLESTARTCPUT\BIN\WIN32\V110\PERCAWARENESS_R32.EXE
D:\DEPOT\PROJECTS\SAMPLES\PERCAWARENESS2\SAMPLESTARTCPUT\BIN\WIN32\V110\PERCAWARENESS_R32.PDB
D:\DEPOT\PROJECTS\SAMPLES\PERCAWARENESS2\SAMPLESTARTCPUT\TEMP\WIN32\V110\RELEASE\SAMPLESTARTDX.RES
D:\depot\projects\samples\PercAwareness2\SampleStartCPUT\temp\Win32\v110\Release\SampleStartDX_2012.vcxprojResolveAssemblyReference.cache
D:\depot\projects\samples\PercAwareness2\SampleStartCPUT\temp\Win32\v110\Release\face_render.obj
D:\depot\projects\samples\PercAwareness2\SampleStartCPUT\temp\Win32\v110\Release\MonitorUtils.obj
D:\depot\projects\samples\PercAwareness2\SampleStartCPUT\temp\Win32\v110\Release\PerceptualAssistant.obj
D:\depot\projects\samples\PercAwareness2\SampleStartCPUT\temp\Win32\v110\Release\SampleStartDX11.obj
D:\depot\projects\samples\PercAwareness2\SampleStartCPUT\temp\Win32\v110\Release\cl.command.1.tlog
D:\depot\projects\samples\PercAwareness2\SampleStartCPUT\temp\Win32\v110\Release\CL.read.1.tlog
D:\depot\projects\samples\PercAwareness2\SampleStartCPUT\temp\Win32\v110\Release\CL.write.1.tlog
D:\depot\projects\samples\PercAwareness2\SampleStartCPUT\temp\Win32\v110\Release\link-cvtres.read.1.tlog
D:\depot\projects\samples\PercAwareness2\SampleStartCPUT\temp\Win32\v110\Release\link-cvtres.write.1.tlog
D:\depot\projects\samples\PercAwareness2\SampleStartCPUT\temp\Win32\v110\Release\link-rc.read.1.tlog
D:\depot\projects\samples\PercAwareness2\SampleStartCPUT\temp\Win32\v110\Release\link-rc.write.1.tlog
D:\depot\projects\samples\PercAwareness2\SampleStartCPUT\temp\Win32\v110\Release\link.command.1.tlog
D:\depot\projects\samples\PercAwareness2\SampleStartCPUT\temp\Win32\v110\Release\link.read.1.tlog
D:\depot\projects\samples\PercAwareness2\SampleStartCPUT\temp\Win32\v110\Release\link.read.5.tlog
D:\depot\projects\samples\PercAwareness2\SampleStartCPUT\temp\Win32\v110\Release\link.write.1.tlog
D:\depot\projects\samples\PercAwareness2\SampleStartCPUT\temp\Win32\v110\Release\rc.command.1.tlog
D:\depot\projects\samples\PercAwareness2\SampleStartCPUT\temp\Win32\v110\Release\rc.read.1.tlog
D:\depot\projects\samples\PercAwareness2\SampleStartCPUT\temp\Win32\v110\Release\rc.write.1.tlog
D:\depot\projects\samples\PercAwareness2\SampleStartCPUT\temp\Win32\v110\Release\SampleStartDX.res
D:\depot\projects\samples\PercAwareness2\SampleStartCPUT\temp\Win32\v110\Release\vc110.pdb
D:\depot\projects\samples\PercAwareness2\SampleStartCPUT\bin\Win32\v110\PerCAwareness_R32.pdb
D:\depot\projects\samples\PercAwareness2\SampleStartCPUT\bin\Win32\v110\PerCAwareness_R32.exe
