D:\DEPOT\PROJECTS\SAMPLES\PERCAWARENESS2\CPUT\TEMP\WIN32\V110\RELEASE\CPUTASSETSET.OBJ
D:\DEPOT\PROJECTS\SAMPLES\PERCAWARENESS2\CPUT\TEMP\WIN32\V110\RELEASE\CPUTCONTROL.OBJ
D:\DEPOT\PROJECTS\SAMPLES\PERCAWARENESS2\CPUT\TEMP\WIN32\V110\RELEASE\CPUTGUICONTROLLERDX11.OBJ
D:\DEPOT\PROJECTS\SAMPLES\PERCAWARENESS2\CPUT\TEMP\WIN32\V110\RELEASE\CPUTPIXELSHADERDX11.OBJ
D:\DEPOT\PROJECTS\SAMPLES\PERCAWARENESS2\CPUT\TEMP\WIN32\V110\RELEASE\CPUTLIGHT.OBJ
D:\DEPOT\PROJECTS\SAMPLES\PERCAWARENESS2\CPUT\TEMP\WIN32\V110\RELEASE\CPUTTEXTURE.OBJ
D:\DEPOT\PROJECTS\SAMPLES\PERCAWARENESS2\CPUT\TEMP\WIN32\V110\RELEASE\DDSTEXTURELOADER.OBJ
D:\DEPOT\PROJECTS\SAMPLES\PERCAWARENESS2\CPUT\TEMP\WIN32\V110\RELEASE\CPUTCOMPUTESHADERDX11.OBJ
D:\DEPOT\PROJECTS\SAMPLES\PERCAWARENESS2\CPUT\TEMP\WIN32\V110\RELEASE\CPUTGUICONTROLLER.OBJ
D:\DEPOT\PROJECTS\SAMPLES\PERCAWARENESS2\CPUT\TEMP\WIN32\V110\RELEASE\CPUTMODELDX11.OBJ
D:\DEPOT\PROJECTS\SAMPLES\PERCAWARENESS2\CPUT\TEMP\WIN32\V110\RELEASE\CPUTRENDERTARGET.OBJ
D:\DEPOT\PROJECTS\SAMPLES\PERCAWARENESS2\CPUT\TEMP\WIN32\V110\RELEASE\CPUTMESH.OBJ
D:\DEPOT\PROJECTS\SAMPLES\PERCAWARENESS2\CPUT\TEMP\WIN32\V110\RELEASE\CPUTASSETSETDX11.OBJ
D:\DEPOT\PROJECTS\SAMPLES\PERCAWARENESS2\CPUT\TEMP\WIN32\V110\RELEASE\CPUTFRUSTUM.OBJ
D:\DEPOT\PROJECTS\SAMPLES\PERCAWARENESS2\CPUT\TEMP\WIN32\V110\RELEASE\CPUTMATERIALDX11.OBJ
D:\DEPOT\PROJECTS\SAMPLES\PERCAWARENESS2\CPUT\TEMP\WIN32\V110\RELEASE\CPUTRENDERSTATEBLOCKDX11.OBJ
D:\DEPOT\PROJECTS\SAMPLES\PERCAWARENESS2\CPUT\TEMP\WIN32\V110\RELEASE\CPUTTEXTUREDX11.OBJ
D:\DEPOT\PROJECTS\SAMPLES\PERCAWARENESS2\CPUT\TEMP\WIN32\V110\RELEASE\CPUTASSETLIBRARY.OBJ
D:\DEPOT\PROJECTS\SAMPLES\PERCAWARENESS2\CPUT\TEMP\WIN32\V110\RELEASE\CPUTDOMAINSHADERDX11.OBJ
D:\DEPOT\PROJECTS\SAMPLES\PERCAWARENESS2\CPUT\TEMP\WIN32\V110\RELEASE\CPUTHULLSHADERDX11.OBJ
D:\DEPOT\PROJECTS\SAMPLES\PERCAWARENESS2\CPUT\TEMP\WIN32\V110\RELEASE\CPUTMODEL.OBJ
D:\DEPOT\PROJECTS\SAMPLES\PERCAWARENESS2\CPUT\TEMP\WIN32\V110\RELEASE\CPUTPOSTPROCESS.OBJ
D:\DEPOT\PROJECTS\SAMPLES\PERCAWARENESS2\CPUT\TEMP\WIN32\V110\RELEASE\CPUTTEXT.OBJ
D:\DEPOT\PROJECTS\SAMPLES\PERCAWARENESS2\CPUT\TEMP\WIN32\V110\RELEASE\CPUT_DX11.OBJ
D:\DEPOT\PROJECTS\SAMPLES\PERCAWARENESS2\CPUT\TEMP\WIN32\V110\RELEASE\CPUTBUTTON.OBJ
D:\DEPOT\PROJECTS\SAMPLES\PERCAWARENESS2\CPUT\TEMP\WIN32\V110\RELEASE\CPUTDROPDOWN.OBJ
D:\DEPOT\PROJECTS\SAMPLES\PERCAWARENESS2\CPUT\TEMP\WIN32\V110\RELEASE\CPUTMATERIAL.OBJ
D:\DEPOT\PROJECTS\SAMPLES\PERCAWARENESS2\CPUT\TEMP\WIN32\V110\RELEASE\CPUTPERFTASKMARKER.OBJ
D:\DEPOT\PROJECTS\SAMPLES\PERCAWARENESS2\CPUT\TEMP\WIN32\V110\RELEASE\CPUTCAMERA.OBJ
D:\DEPOT\PROJECTS\SAMPLES\PERCAWARENESS2\CPUT\TEMP\WIN32\V110\RELEASE\CPUTSPRITE.OBJ
D:\DEPOT\PROJECTS\SAMPLES\PERCAWARENESS2\CPUT\TEMP\WIN32\V110\RELEASE\CPUTASSETLIBRARYDX11.OBJ
D:\DEPOT\PROJECTS\SAMPLES\PERCAWARENESS2\CPUT\TEMP\WIN32\V110\RELEASE\CPUTGEOMETRYSHADERDX11.OBJ
D:\DEPOT\PROJECTS\SAMPLES\PERCAWARENESS2\CPUT\TEMP\WIN32\V110\RELEASE\CPUTMESHDX11.OBJ
D:\DEPOT\PROJECTS\SAMPLES\PERCAWARENESS2\CPUT\TEMP\WIN32\V110\RELEASE\CPUTOSSERVICESWIN.OBJ
D:\DEPOT\PROJECTS\SAMPLES\PERCAWARENESS2\CPUT\TEMP\WIN32\V110\RELEASE\CPUTSLIDER.OBJ
D:\DEPOT\PROJECTS\SAMPLES\PERCAWARENESS2\CPUT\TEMP\WIN32\V110\RELEASE\CPUTVERTEXSHADERDX11.OBJ
D:\DEPOT\PROJECTS\SAMPLES\PERCAWARENESS2\CPUT\TEMP\WIN32\V110\RELEASE\CPUTBUFFERDX11.OBJ
D:\DEPOT\PROJECTS\SAMPLES\PERCAWARENESS2\CPUT\TEMP\WIN32\V110\RELEASE\CPUTFONTDX11.OBJ
D:\DEPOT\PROJECTS\SAMPLES\PERCAWARENESS2\CPUT\TEMP\WIN32\V110\RELEASE\CPUTCONFIGBLOCK.OBJ
D:\DEPOT\PROJECTS\SAMPLES\PERCAWARENESS2\CPUT\TEMP\WIN32\V110\RELEASE\CPUTRENDERSTATEBLOCK.OBJ
D:\DEPOT\PROJECTS\SAMPLES\PERCAWARENESS2\CPUT\TEMP\WIN32\V110\RELEASE\CPUTSHADERDX11.OBJ
D:\DEPOT\PROJECTS\SAMPLES\PERCAWARENESS2\CPUT\TEMP\WIN32\V110\RELEASE\CPUTINPUTLAYOUTCACHEDX11.OBJ
D:\DEPOT\PROJECTS\SAMPLES\PERCAWARENESS2\CPUT\TEMP\WIN32\V110\RELEASE\CPUTCHECKBOX.OBJ
D:\DEPOT\PROJECTS\SAMPLES\PERCAWARENESS2\CPUT\TEMP\WIN32\V110\RELEASE\CPUTFONT.OBJ
D:\DEPOT\PROJECTS\SAMPLES\PERCAWARENESS2\CPUT\TEMP\WIN32\V110\RELEASE\CPUTITTTASKMARKER.OBJ
D:\DEPOT\PROJECTS\SAMPLES\PERCAWARENESS2\CPUT\TEMP\WIN32\V110\RELEASE\CPUTNULLNODE.OBJ
D:\DEPOT\PROJECTS\SAMPLES\PERCAWARENESS2\CPUT\TEMP\WIN32\V110\RELEASE\CPUTRENDERNODE.OBJ
D:\DEPOT\PROJECTS\SAMPLES\PERCAWARENESS2\CPUT\TEMP\WIN32\V110\RELEASE\CPUTSCENE.OBJ
D:\DEPOT\PROJECTS\SAMPLES\PERCAWARENESS2\CPUT\TEMP\WIN32\V110\RELEASE\CPUTTIMERWIN.OBJ
D:\DEPOT\PROJECTS\SAMPLES\PERCAWARENESS2\CPUT\TEMP\WIN32\V110\RELEASE\CPUTWINDOWWIN.OBJ
D:\DEPOT\PROJECTS\SAMPLES\PERCAWARENESS2\CPUT\TEMP\WIN32\V110\RELEASE\VC110.PDB
D:\DEPOT\PROJECTS\SAMPLES\PERCAWARENESS2\CPUT\LIB\WIN32\V110\CPUT-DX11_2012_32R.LIB
D:\depot\projects\samples\PercAwareness2\CPUT\temp\Win32\v110\Release\CPUTAssetLibrary.obj
D:\depot\projects\samples\PercAwareness2\CPUT\temp\Win32\v110\Release\CPUTAssetLibraryDX11.obj
D:\depot\projects\samples\PercAwareness2\CPUT\temp\Win32\v110\Release\CPUTAssetSet.obj
D:\depot\projects\samples\PercAwareness2\CPUT\temp\Win32\v110\Release\CPUTAssetSetDX11.obj
D:\depot\projects\samples\PercAwareness2\CPUT\temp\Win32\v110\Release\CPUTBufferDX11.obj
D:\depot\projects\samples\PercAwareness2\CPUT\temp\Win32\v110\Release\CPUTButton.obj
D:\depot\projects\samples\PercAwareness2\CPUT\temp\Win32\v110\Release\CPUTCamera.obj
D:\depot\projects\samples\PercAwareness2\CPUT\temp\Win32\v110\Release\CPUTCheckbox.obj
D:\depot\projects\samples\PercAwareness2\CPUT\temp\Win32\v110\Release\CPUTComputeShaderDX11.obj
D:\depot\projects\samples\PercAwareness2\CPUT\temp\Win32\v110\Release\CPUTConfigBlock.obj
D:\depot\projects\samples\PercAwareness2\CPUT\temp\Win32\v110\Release\CPUTControl.obj
D:\depot\projects\samples\PercAwareness2\CPUT\temp\Win32\v110\Release\CPUTDomainShaderDX11.obj
D:\depot\projects\samples\PercAwareness2\CPUT\temp\Win32\v110\Release\CPUTDropdown.obj
D:\depot\projects\samples\PercAwareness2\CPUT\temp\Win32\v110\Release\CPUTFont.obj
D:\depot\projects\samples\PercAwareness2\CPUT\temp\Win32\v110\Release\CPUTFontDX11.obj
D:\depot\projects\samples\PercAwareness2\CPUT\temp\Win32\v110\Release\CPUTFrustum.obj
D:\depot\projects\samples\PercAwareness2\CPUT\temp\Win32\v110\Release\CPUTGeometryShaderDX11.obj
D:\depot\projects\samples\PercAwareness2\CPUT\temp\Win32\v110\Release\CPUTGuiController.obj
D:\depot\projects\samples\PercAwareness2\CPUT\temp\Win32\v110\Release\CPUTGuiControllerDX11.obj
D:\depot\projects\samples\PercAwareness2\CPUT\temp\Win32\v110\Release\CPUTHullShaderDX11.obj
D:\depot\projects\samples\PercAwareness2\CPUT\temp\Win32\v110\Release\CPUTInputLayoutCacheDX11.obj
D:\depot\projects\samples\PercAwareness2\CPUT\temp\Win32\v110\Release\CPUTITTTaskMarker.obj
D:\depot\projects\samples\PercAwareness2\CPUT\temp\Win32\v110\Release\CPUTLight.obj
D:\depot\projects\samples\PercAwareness2\CPUT\temp\Win32\v110\Release\CPUTMaterial.obj
D:\depot\projects\samples\PercAwareness2\CPUT\temp\Win32\v110\Release\CPUTMaterialDX11.obj
D:\depot\projects\samples\PercAwareness2\CPUT\temp\Win32\v110\Release\CPUTMesh.obj
D:\depot\projects\samples\PercAwareness2\CPUT\temp\Win32\v110\Release\CPUTMeshDX11.obj
D:\depot\projects\samples\PercAwareness2\CPUT\temp\Win32\v110\Release\CPUTModel.obj
D:\depot\projects\samples\PercAwareness2\CPUT\temp\Win32\v110\Release\CPUTModelDX11.obj
D:\depot\projects\samples\PercAwareness2\CPUT\temp\Win32\v110\Release\CPUTNullNode.obj
D:\depot\projects\samples\PercAwareness2\CPUT\temp\Win32\v110\Release\CPUTOSServicesWin.obj
D:\depot\projects\samples\PercAwareness2\CPUT\temp\Win32\v110\Release\CPUTPerfTaskMarker.obj
D:\depot\projects\samples\PercAwareness2\CPUT\temp\Win32\v110\Release\CPUTPixelShaderDX11.obj
D:\depot\projects\samples\PercAwareness2\CPUT\temp\Win32\v110\Release\CPUTPostProcess.obj
D:\depot\projects\samples\PercAwareness2\CPUT\temp\Win32\v110\Release\CPUTRenderNode.obj
D:\depot\projects\samples\PercAwareness2\CPUT\temp\Win32\v110\Release\CPUTRenderStateBlock.obj
D:\depot\projects\samples\PercAwareness2\CPUT\temp\Win32\v110\Release\CPUTRenderStateBlockDX11.obj
D:\depot\projects\samples\PercAwareness2\CPUT\temp\Win32\v110\Release\CPUTRenderTarget.obj
D:\depot\projects\samples\PercAwareness2\CPUT\temp\Win32\v110\Release\CPUTScene.obj
D:\depot\projects\samples\PercAwareness2\CPUT\temp\Win32\v110\Release\CPUTShaderDX11.obj
D:\depot\projects\samples\PercAwareness2\CPUT\temp\Win32\v110\Release\CPUTSlider.obj
D:\depot\projects\samples\PercAwareness2\CPUT\temp\Win32\v110\Release\CPUTSprite.obj
D:\depot\projects\samples\PercAwareness2\CPUT\temp\Win32\v110\Release\CPUTText.obj
D:\depot\projects\samples\PercAwareness2\CPUT\temp\Win32\v110\Release\CPUTTexture.obj
D:\depot\projects\samples\PercAwareness2\CPUT\temp\Win32\v110\Release\CPUTTextureDX11.obj
D:\depot\projects\samples\PercAwareness2\CPUT\temp\Win32\v110\Release\CPUTTimerWin.obj
D:\depot\projects\samples\PercAwareness2\CPUT\temp\Win32\v110\Release\CPUTVertexShaderDX11.obj
D:\depot\projects\samples\PercAwareness2\CPUT\temp\Win32\v110\Release\CPUTWindowWin.obj
D:\depot\projects\samples\PercAwareness2\CPUT\temp\Win32\v110\Release\CPUT_DX11.obj
D:\depot\projects\samples\PercAwareness2\CPUT\temp\Win32\v110\Release\DDSTextureLoader.obj
D:\depot\projects\samples\PercAwareness2\CPUT\temp\Win32\v110\Release\CL.11896.read.1.tlog
D:\depot\projects\samples\PercAwareness2\CPUT\temp\Win32\v110\Release\CL.11896.write.1.tlog
D:\depot\projects\samples\PercAwareness2\CPUT\temp\Win32\v110\Release\CL.13552.read.1.tlog
D:\depot\projects\samples\PercAwareness2\CPUT\temp\Win32\v110\Release\CL.13552.write.1.tlog
D:\depot\projects\samples\PercAwareness2\CPUT\temp\Win32\v110\Release\CL.15364.read.1.tlog
D:\depot\projects\samples\PercAwareness2\CPUT\temp\Win32\v110\Release\CL.15364.write.1.tlog
D:\depot\projects\samples\PercAwareness2\CPUT\temp\Win32\v110\Release\CL.16496.read.1.tlog
D:\depot\projects\samples\PercAwareness2\CPUT\temp\Win32\v110\Release\CL.16496.write.1.tlog
D:\depot\projects\samples\PercAwareness2\CPUT\temp\Win32\v110\Release\CL.17396.read.1.tlog
D:\depot\projects\samples\PercAwareness2\CPUT\temp\Win32\v110\Release\CL.17396.write.1.tlog
D:\depot\projects\samples\PercAwareness2\CPUT\temp\Win32\v110\Release\CL.17840.read.1.tlog
D:\depot\projects\samples\PercAwareness2\CPUT\temp\Win32\v110\Release\CL.17840.write.1.tlog
D:\depot\projects\samples\PercAwareness2\CPUT\temp\Win32\v110\Release\CL.18220.read.1.tlog
D:\depot\projects\samples\PercAwareness2\CPUT\temp\Win32\v110\Release\CL.18220.write.1.tlog
D:\depot\projects\samples\PercAwareness2\CPUT\temp\Win32\v110\Release\CL.9668.read.1.tlog
D:\depot\projects\samples\PercAwareness2\CPUT\temp\Win32\v110\Release\CL.9668.write.1.tlog
D:\depot\projects\samples\PercAwareness2\CPUT\temp\Win32\v110\Release\cl.command.1.tlog
D:\depot\projects\samples\PercAwareness2\CPUT\temp\Win32\v110\Release\CL.read.1.tlog
D:\depot\projects\samples\PercAwareness2\CPUT\temp\Win32\v110\Release\CL.write.1.tlog
D:\depot\projects\samples\PercAwareness2\CPUT\temp\Win32\v110\Release\Lib-link.read.1.tlog
D:\depot\projects\samples\PercAwareness2\CPUT\temp\Win32\v110\Release\Lib-link.write.1.tlog
D:\depot\projects\samples\PercAwareness2\CPUT\temp\Win32\v110\Release\lib.command.1.tlog
D:\depot\projects\samples\PercAwareness2\CPUT\temp\Win32\v110\Release\vc110.pdb
D:\depot\projects\samples\PercAwareness2\CPUT\lib\Win32\v110\CPUT-DX11_2012_32R.lib
